<?xml version="1.0" encoding="UTF-8"?>
<!-- Generated by org.testng.reporters.JUnitReportReporter -->
<testsuite hostname="SANTOSH" failures="0" tests="1" name="driverFactory.DriverScript2$DriverScript" time="73.620" errors="0" timestamp="2023-12-05T19:09:10 IST" skipped="0">
  <testcase classname="driverFactory.DriverScript2$DriverScript" name="starttest" time="73.620">
    <system-out>
      <![CDATA[NO f rows are ;;6
customer add sucess;;Customer-00000000080 Customer-00000000080
customer add sucess;;Customer-00000000081 Customer-00000000081
customer add sucess;;Customer-00000000082 Customer-00000000082
customer add sucess;;Customer-00000000083 Customer-00000000083
customer add sucess;;Customer-00000000084 Customer-00000000084
customer add sucess;;Customer-00000000085 Customer-00000000085]]>
    </system-out>
  </testcase> <!-- starttest -->
  <system-out>
    <![CDATA[NO f rows are ;;6
customer add sucess;;Customer-00000000080 Customer-00000000080
customer add sucess;;Customer-00000000081 Customer-00000000081
customer add sucess;;Customer-00000000082 Customer-00000000082
customer add sucess;;Customer-00000000083 Customer-00000000083
customer add sucess;;Customer-00000000084 Customer-00000000084
customer add sucess;;Customer-00000000085 Customer-00000000085]]>
  </system-out>
</testsuite> <!-- driverFactory.DriverScript2$DriverScript -->
