<?xml version="1.0" encoding="UTF-8"?>
<!-- Generated by org.testng.reporters.JUnitReportReporter -->
<testsuite hostname="SANTOSH" failures="0" tests="1" name="driverFactory.AppTest" time="45.605" errors="0" timestamp="2023-12-04T23:01:39 IST" skipped="0">
  <testcase classname="driverFactory.AppTest" name="staTest" time="45.605">
    <system-out>
      <![CDATA[No of rows in Login Sheet;;8
Login sucess::  dashboard  http://webapp.qedgetech.com/dashboard.php
Incorrect user ID or password
Incorrect user ID or password
Incorrect user ID or password
Incorrect user ID or password
Login sucess::  dashboard  http://webapp.qedgetech.com/dashboard.php
Incorrect user ID or password
Login sucess::  dashboard  http://webapp.qedgetech.com/dashboard.php]]>
    </system-out>
  </testcase> <!-- staTest -->
  <system-out>
    <![CDATA[No of rows in Login Sheet;;8
Login sucess::  dashboard  http://webapp.qedgetech.com/dashboard.php
Incorrect user ID or password
Incorrect user ID or password
Incorrect user ID or password
Incorrect user ID or password
Login sucess::  dashboard  http://webapp.qedgetech.com/dashboard.php
Incorrect user ID or password
Login sucess::  dashboard  http://webapp.qedgetech.com/dashboard.php]]>
  </system-out>
</testsuite> <!-- driverFactory.AppTest -->
